Flutter crash report; please file at https://github.com/flutter/flutter/issues.

## command

flutter build bundle --target /home/belldandy/PAC-PayFace/lib/main.dart --target-platform android-x86 --filesystem-scheme org-dartlang-root --depfile /home/belldandy/PAC-PayFace/build/app/intermediates/flutter/debug/android-x86/snapshot_blob.bin.d --asset-dir /home/belldandy/PAC-PayFace/build/app/intermediates/flutter/debug/android-x86/flutter_assets --debug

## exception

FileSystemException: FileSystemException: writeFrom failed, path = '' (OS Error: Broken pipe, errno = 32)

```
#0      _RandomAccessFile.writeFromSync (dart:io/file_impl.dart:879:7)
#1      _StdConsumer.addStream.<anonymous closure> (dart:io/stdio.dart:308:15)
#2      _rootRunUnary (dart:async/zone.dart:1132:38)
#3      _CustomZone.runUnary (dart:async/zone.dart:1029:19)
#4      _CustomZone.runUnaryGuarded (dart:async/zone.dart:931:7)
#5      _BufferingStreamSubscription._sendData (dart:async/stream_impl.dart:336:11)
#6      _BufferingStreamSubscription._add (dart:async/stream_impl.dart:263:7)
#7      _SyncStreamControllerDispatch._sendData (dart:async/stream_controller.dart:764:19)
#8      _StreamController._add (dart:async/stream_controller.dart:640:7)
#9      _StreamController.add (dart:async/stream_controller.dart:586:5)
#10     _StreamSinkImpl.add (dart:io/io_sink.dart:156:17)
#11     _IOSinkImpl.write (dart:io/io_sink.dart:289:5)
#12     _IOSinkImpl.writeln (dart:io/io_sink.dart:310:5)
#13     _StdSink.writeln (dart:io/stdio.dart:341:11)
#14     StdoutLogger.printError (package:flutter_tools/src/base/logger.dart:173:12)
#15     printError (package:flutter_tools/src/globals.dart:32:10)
#16     StdoutHandler.handler (package:flutter_tools/src/compile.dart:134:9)
#17     _rootRunUnary (dart:async/zone.dart:1132:38)
#18     _CustomZone.runUnary (dart:async/zone.dart:1029:19)
#19     _CustomZone.runUnaryGuarded (dart:async/zone.dart:931:7)
#20     _BufferingStreamSubscription._sendData (dart:async/stream_impl.dart:336:11)
#21     _BufferingStreamSubscription._add (dart:async/stream_impl.dart:263:7)
#22     _SinkTransformerStreamSubscription._add (dart:async/stream_transformers.dart:68:11)
#23     _EventSinkWrapper.add (dart:async/stream_transformers.dart:15:11)
#24     _StringAdapterSink.add (dart:convert/string_conversion.dart:236:11)
#25     _LineSplitterSink._addLines (dart:convert/line_splitter.dart:150:13)
#26     _LineSplitterSink.addSlice (dart:convert/line_splitter.dart:125:5)
#27     StringConversionSinkMixin.add (dart:convert/string_conversion.dart:163:5)
#28     _SinkTransformerStreamSubscription._handleData (dart:async/stream_transformers.dart:120:24)
#29     _rootRunUnary (dart:async/zone.dart:1132:38)
#30     _CustomZone.runUnary (dart:async/zone.dart:1029:19)
#31     _CustomZone.runUnaryGuarded (dart:async/zone.dart:931:7)
#32     _BufferingStreamSubscription._sendData (dart:async/stream_impl.dart:336:11)
#33     _BufferingStreamSubscription._add (dart:async/stream_impl.dart:263:7)
#34     _SinkTransformerStreamSubscription._add (dart:async/stream_transformers.dart:68:11)
#35     _EventSinkWrapper.add (dart:async/stream_transformers.dart:15:11)
#36     _StringAdapterSink.add (dart:convert/string_conversion.dart:236:11)
#37     _StringAdapterSink.addSlice (dart:convert/string_conversion.dart:241:7)
#38     _Utf8ConversionSink.addSlice (dart:convert/string_conversion.dart:312:20)
#39     _Utf8ConversionSink.add (dart:convert/string_conversion.dart:305:5)
#40     _ConverterStreamEventSink.add (dart:convert/chunked_conversion.dart:72:18)
#41     _SinkTransformerStreamSubscription._handleData (dart:async/stream_transformers.dart:120:24)
#42     _rootRunUnary (dart:async/zone.dart:1132:38)
#43     _CustomZone.runUnary (dart:async/zone.dart:1029:19)
#44     _CustomZone.runUnaryGuarded (dart:async/zone.dart:931:7)
#45     _BufferingStreamSubscription._sendData (dart:async/stream_impl.dart:336:11)
#46     _BufferingStreamSubscription._add (dart:async/stream_impl.dart:263:7)
#47     _SyncStreamControllerDispatch._sendData (dart:async/stream_controller.dart:764:19)
#48     _StreamController._add (dart:async/stream_controller.dart:640:7)
#49     _StreamController.add (dart:async/stream_controller.dart:586:5)
#50     _Socket._onData (dart:io-patch/socket_patch.dart:1791:41)
#51     _rootRunUnary (dart:async/zone.dart:1136:13)
#52     _CustomZone.runUnary (dart:async/zone.dart:1029:19)
#53     _CustomZone.runUnaryGuarded (dart:async/zone.dart:931:7)
#54     _BufferingStreamSubscription._sendData (dart:async/stream_impl.dart:336:11)
#55     _BufferingStreamSubscription._add (dart:async/stream_impl.dart:263:7)
#56     _SyncStreamControllerDispatch._sendData (dart:async/stream_controller.dart:764:19)
#57     _StreamController._add (dart:async/stream_controller.dart:640:7)
#58     _StreamController.add (dart:async/stream_controller.dart:586:5)
#59     new _RawSocket.<anonymous closure> (dart:io-patch/socket_patch.dart:1339:33)
#60     _NativeSocket.issueReadEvent.issue (dart:io-patch/socket_patch.dart:860:14)
#61     _microtaskLoop (dart:async/schedule_microtask.dart:41:21)
#62     _startMicrotaskLoop (dart:async/schedule_microtask.dart:50:5)
#63     _runPendingImmediateCallback (dart:isolate-patch/isolate_patch.dart:116:13)
#64     _RawReceivePortImpl._handleMessage (dart:isolate-patch/isolate_patch.dart:173:5)
```

## flutter doctor

```
[✓] Flutter (Channel stable, v1.9.1+hotfix.2, on Linux, locale en_US.UTF-8)
    • Flutter version 1.9.1+hotfix.2 at /home/belldandy/Android/flutter
    • Framework revision 2d2a1ffec9 (6 weeks ago), 2019-09-06 18:39:49 -0700
    • Engine revision b863200c37
    • Dart version 2.5.0

[✓] Android toolchain - develop for Android devices (Android SDK version 29.0.2)
    • Android SDK at /home/belldandy/Android/sdk
    • Android NDK location not configured (optional; useful for native profiling support)
    • Platform android-29, build-tools 29.0.2
    • ANDROID_HOME = /home/belldandy/Android/sdk
    • ANDROID_SDK_ROOT = /home/belldandy/Android/sdk
    • Java binary at: /home/belldandy/Android/android-studio/jre/bin/java
    • Java version OpenJDK Runtime Environment (build 1.8.0_202-release-1483-b49-5587405)
    • All Android licenses accepted.

[✓] Android Studio (version 3.5)
    • Android Studio at /home/belldandy/Android/android-studio
    • Flutter plugin version 39.0.3
    • Dart plugin version 191.8423
    • Java version OpenJDK Runtime Environment (build 1.8.0_202-release-1483-b49-5587405)

[!] Android Studio
    • Android Studio at /home/belldandy/Android/android-studio/
    ✗ Flutter plugin not installed; this adds Flutter specific functionality.
    ✗ Dart plugin not installed; this adds Dart specific functionality.
    • android-studio-dir = /home/belldandy/Android/android-studio/
    • Java version OpenJDK Runtime Environment (build 1.8.0_202-release-1483-b49-5587405)

[✓] VS Code (version 1.38.1)
    • VS Code at /usr/share/code
    • Flutter extension version 3.5.1

[✓] Connected device (1 available)
    • Android SDK built for x86 • emulator-5554 • android-x86 • Android 10 (API 29) (emulator)

! Doctor found issues in 1 category.
```
